build/app/intermediates/manifest_merge_blame_file/debug/manifest-merger-blame-debug-report.txt
1<?xml version="1.0" encoding="utf-8"?>
2<manifest xmlns:android="http://schemas.android.com/apk/res/android"
3    package="com.example.tasweer"
4    android:versionCode="1"
5    android:versionName="1.0.0" >
6
7    <uses-sdk
8        android:minSdkVersion="21"
9        android:targetSdkVersion="29" />
10    <!--
11         Flutter needs it to communicate with the running application
12         to allow setting breakpoints, to provide hot reload, etc.
13    -->
14    <uses-permission android:name="android.permission.INTERNET" />
14-->src\main\AndroidManifest.xml:9:5-66
14-->src\main\AndroidManifest.xml:9:22-64
15    <!--
16     io.flutter.app.FlutterApplication is an android.app.Application that
17         calls FlutterMain.startInitialization(this); in its onCreate method.
18         In most cases you can leave this as-is, but you if you want to provide
19         additional functionality it is fine to subclass or reimplement
20         FlutterApplication and put your custom class here.
21    -->
22    <uses-permission android:name="android.permission.ACCESS_FINE_LOCATION" />
22-->src\main\AndroidManifest.xml:8:5-79
22-->src\main\AndroidManifest.xml:8:22-76
23    <uses-permission android:name="android.permission.ACCESS_COARSE_LOCATION" />
23-->src\main\AndroidManifest.xml:10:5-80
23-->src\main\AndroidManifest.xml:10:22-78
24    <uses-permission android:name="android.permission.QUERY_ALL_PACKAGES" />
24-->src\main\AndroidManifest.xml:60:5-76
24-->src\main\AndroidManifest.xml:60:22-74
25    <uses-permission android:name="android.permission.READ_EXTERNAL_STORAGE" />
25-->[:image_picker] AndroidManifest.xml:7:5-80
25-->[:image_picker] AndroidManifest.xml:7:22-77
26    <uses-permission android:name="android.permission.WRITE_EXTERNAL_STORAGE" />
26-->[:image_picker] AndroidManifest.xml:8:5-81
26-->[:image_picker] AndroidManifest.xml:8:22-78
27    <uses-permission android:name="android.permission.ACCESS_NETWORK_STATE" />
27-->[com.google.firebase:firebase-auth:20.0.1] AndroidManifest.xml:24:5-79
27-->[com.google.firebase:firebase-auth:20.0.1] AndroidManifest.xml:24:22-76
28    <uses-permission android:name="android.permission.WAKE_LOCK" />
28-->[com.google.android.gms:play-services-measurement-api:18.0.0] AndroidManifest.xml:24:5-68
28-->[com.google.android.gms:play-services-measurement-api:18.0.0] AndroidManifest.xml:24:22-65
29
30    <uses-feature
30-->[com.google.android.gms:play-services-maps:17.0.0] AndroidManifest.xml:26:5-28:35
31        android:glEsVersion="0x00020000"
31-->[com.google.android.gms:play-services-maps:17.0.0] AndroidManifest.xml:27:9-41
32        android:required="true" />
32-->[com.google.android.gms:play-services-maps:17.0.0] AndroidManifest.xml:28:9-32
33
34    <uses-permission android:name="com.google.android.finsky.permission.BIND_GET_INSTALL_REFERRER_SERVICE" />
34-->[com.google.android.gms:play-services-measurement:18.0.0] AndroidManifest.xml:26:5-110
34-->[com.google.android.gms:play-services-measurement:18.0.0] AndroidManifest.xml:26:22-107
35
36    <application
36-->src\main\AndroidManifest.xml:11:5-59:19
37        android:name="io.flutter.app.FlutterApplication"
37-->src\main\AndroidManifest.xml:13:9-57
38        android:appComponentFactory="androidx.core.app.CoreComponentFactory"
38-->[androidx.core:core:1.2.0] AndroidManifest.xml:24:18-86
39        android:debuggable="true"
40        android:icon="@mipmap/ic_launcher"
40-->src\main\AndroidManifest.xml:15:9-43
41        android:label="tasweer"
41-->src\main\AndroidManifest.xml:14:9-32
42        android:requestLegacyExternalStorage="true" >
42-->src\main\AndroidManifest.xml:12:9-52
43        <meta-data
43-->src\main\AndroidManifest.xml:16:9-17:66
44            android:name="com.google.android.geo.API_KEY"
44-->src\main\AndroidManifest.xml:16:20-65
45            android:value="AIzaSyCjLjLQheSJpWYOcIvZQ4jxqz2rL3d3U50" />
45-->src\main\AndroidManifest.xml:17:9-64
46        <meta-data
46-->src\main\AndroidManifest.xml:18:9-20:36
47            android:name="com.google.mlkit.vision.DEPENDENCIES"
47-->src\main\AndroidManifest.xml:19:13-64
48            android:value="face" />
48-->src\main\AndroidManifest.xml:20:13-33
49
50        <activity
50-->src\main\AndroidManifest.xml:21:9-49:20
51            android:name="com.example.tasweer.MainActivity"
51-->src\main\AndroidManifest.xml:22:13-41
52            android:configChanges="orientation|keyboardHidden|keyboard|screenSize|smallestScreenSize|locale|layoutDirection|fontScale|screenLayout|density|uiMode"
52-->src\main\AndroidManifest.xml:25:13-163
53            android:hardwareAccelerated="true"
53-->src\main\AndroidManifest.xml:26:13-47
54            android:launchMode="singleTop"
54-->src\main\AndroidManifest.xml:23:13-43
55            android:theme="@style/LaunchTheme"
55-->src\main\AndroidManifest.xml:24:13-47
56            android:windowSoftInputMode="adjustResize" >
56-->src\main\AndroidManifest.xml:27:13-55
57
58            <!--
59                 Specifies an Android theme to apply to this Activity as soon as
60                 the Android process has started. This theme is visible to the user
61                 while the Flutter UI initializes. After that, this theme continues
62                 to determine the Window background behind the Flutter UI.
63            -->
64            <meta-data
64-->src\main\AndroidManifest.xml:32:13-35:17
65                android:name="io.flutter.embedding.android.NormalTheme"
65-->src\main\AndroidManifest.xml:33:15-70
66                android:resource="@style/NormalTheme" />
66-->src\main\AndroidManifest.xml:34:15-52
67            <!--
68                 Displays an Android View that continues showing the launch screen
69                 Drawable until Flutter paints its first frame, then this splash
70                 screen fades out. A splash screen is useful to avoid any visual
71                 gap between the end of Android's launch screen and the painting of
72                 Flutter's first frame.
73            -->
74            <meta-data
74-->src\main\AndroidManifest.xml:41:13-44:17
75                android:name="io.flutter.embedding.android.SplashScreenDrawable"
75-->src\main\AndroidManifest.xml:42:15-79
76                android:resource="@drawable/launch_background" />
76-->src\main\AndroidManifest.xml:43:15-61
77
78            <intent-filter>
78-->src\main\AndroidManifest.xml:45:13-48:29
79                <action android:name="android.intent.action.MAIN" />
79-->src\main\AndroidManifest.xml:46:17-68
79-->src\main\AndroidManifest.xml:46:25-66
80
81                <category android:name="android.intent.category.LAUNCHER" />
81-->src\main\AndroidManifest.xml:47:17-76
81-->src\main\AndroidManifest.xml:47:27-74
82            </intent-filter>
83        </activity>
84        <!--
85             Don't delete the meta-data below.
86             This is used by the Flutter tool to generate GeneratedPluginRegistrant.java
87        -->
88        <activity
88-->src\main\AndroidManifest.xml:52:9-55:71
89            android:name="com.yalantis.ucrop.UCropActivity"
89-->src\main\AndroidManifest.xml:53:13-60
90            android:screenOrientation="portrait"
90-->src\main\AndroidManifest.xml:54:13-49
91            android:theme="@style/Theme.AppCompat.Light.NoActionBar" />
91-->src\main\AndroidManifest.xml:55:13-69
92
93        <meta-data
93-->src\main\AndroidManifest.xml:56:9-58:33
94            android:name="flutterEmbedding"
94-->src\main\AndroidManifest.xml:57:13-44
95            android:value="2" />
95-->src\main\AndroidManifest.xml:58:13-30
96
97        <provider
97-->[:image_picker] AndroidManifest.xml:11:9-19:20
98            android:name="io.flutter.plugins.imagepicker.ImagePickerFileProvider"
98-->[:image_picker] AndroidManifest.xml:12:13-82
99            android:authorities="com.example.tasweer.flutter.image_provider"
99-->[:image_picker] AndroidManifest.xml:13:13-74
100            android:exported="false"
100-->[:image_picker] AndroidManifest.xml:14:13-37
101            android:grantUriPermissions="true" >
101-->[:image_picker] AndroidManifest.xml:15:13-47
102            <meta-data
102-->[:image_picker] AndroidManifest.xml:16:13-18:75
103                android:name="android.support.FILE_PROVIDER_PATHS"
103-->[:image_picker] AndroidManifest.xml:17:17-67
104                android:resource="@xml/flutter_image_picker_file_paths" />
104-->[:image_picker] AndroidManifest.xml:18:17-72
105        </provider>
106
107        <service
107-->[:cloud_firestore] AndroidManifest.xml:8:9-12:19
108            android:name="com.google.firebase.components.ComponentDiscoveryService"
108-->[:cloud_firestore] AndroidManifest.xml:8:18-89
109            android:directBootAware="true"
109-->[com.google.firebase:firebase-common:19.5.0] AndroidManifest.xml:35:13-43
110            android:exported="false" >
110-->[com.google.firebase:firebase-analytics-ktx:18.0.0] AndroidManifest.xml:10:13-37
111            <meta-data
111-->[:cloud_firestore] AndroidManifest.xml:9:13-11:85
112                android:name="com.google.firebase.components:io.flutter.plugins.firebase.cloudfirestore.FlutterFirebaseAppRegistrar"
112-->[:cloud_firestore] AndroidManifest.xml:10:17-133
113                android:value="com.google.firebase.components.ComponentRegistrar" />
113-->[:cloud_firestore] AndroidManifest.xml:11:17-82
114            <meta-data
114-->[:firebase_auth] AndroidManifest.xml:9:13-11:85
115                android:name="com.google.firebase.components:io.flutter.plugins.firebaseauth.FlutterFirebaseAppRegistrar"
115-->[:firebase_auth] AndroidManifest.xml:10:17-122
116                android:value="com.google.firebase.components.ComponentRegistrar" />
116-->[:firebase_auth] AndroidManifest.xml:11:17-82
117            <meta-data
117-->[:firebase_database] AndroidManifest.xml:9:13-11:85
118                android:name="com.google.firebase.components:io.flutter.plugins.firebase.database.FlutterFirebaseAppRegistrar"
118-->[:firebase_database] AndroidManifest.xml:10:17-127
119                android:value="com.google.firebase.components.ComponentRegistrar" />
119-->[:firebase_database] AndroidManifest.xml:11:17-82
120            <meta-data
120-->[:firebase_storage] AndroidManifest.xml:9:13-11:85
121                android:name="com.google.firebase.components:io.flutter.plugins.firebase.storage.FlutterFirebaseAppRegistrar"
121-->[:firebase_storage] AndroidManifest.xml:10:17-126
122                android:value="com.google.firebase.components.ComponentRegistrar" />
122-->[:firebase_storage] AndroidManifest.xml:11:17-82
123            <meta-data
123-->[:firebase_core] AndroidManifest.xml:9:13-11:85
124                android:name="com.google.firebase.components:io.flutter.plugins.firebase.core.FlutterFirebaseAppRegistrar"
124-->[:firebase_core] AndroidManifest.xml:10:17-123
125                android:value="com.google.firebase.components.ComponentRegistrar" />
125-->[:firebase_core] AndroidManifest.xml:11:17-82
126            <meta-data
126-->[:firebase_ml_vision] AndroidManifest.xml:9:13-11:85
127                android:name="com.google.firebase.components:io.flutter.plugins.firebasemlvision.FlutterFirebaseAppRegistrar"
127-->[:firebase_ml_vision] AndroidManifest.xml:10:17-126
128                android:value="com.google.firebase.components.ComponentRegistrar" />
128-->[:firebase_ml_vision] AndroidManifest.xml:11:17-82
129            <meta-data
129-->[com.google.firebase:firebase-analytics-ktx:18.0.0] AndroidManifest.xml:11:13-13:85
130                android:name="com.google.firebase.components:com.google.firebase.analytics.ktx.FirebaseAnalyticsKtxRegistrar"
130-->[com.google.firebase:firebase-analytics-ktx:18.0.0] AndroidManifest.xml:12:17-126
131                android:value="com.google.firebase.components.ComponentRegistrar" />
131-->[com.google.firebase:firebase-analytics-ktx:18.0.0] AndroidManifest.xml:13:17-82
132            <meta-data
132-->[com.google.firebase:firebase-common-ktx:19.5.0] AndroidManifest.xml:15:13-17:85
133                android:name="com.google.firebase.components:com.google.firebase.ktx.FirebaseCommonKtxRegistrar"
133-->[com.google.firebase:firebase-common-ktx:19.5.0] AndroidManifest.xml:16:17-113
134                android:value="com.google.firebase.components.ComponentRegistrar" />
134-->[com.google.firebase:firebase-common-ktx:19.5.0] AndroidManifest.xml:17:17-82
135            <meta-data
135-->[com.google.firebase:firebase-ml-vision:24.1.0] AndroidManifest.xml:12:13-14:85
136                android:name="com.google.firebase.components:com.google.firebase.ml.vision.VisionRegistrar"
136-->[com.google.firebase:firebase-ml-vision:24.1.0] AndroidManifest.xml:13:17-108
137                android:value="com.google.firebase.components.ComponentRegistrar" />
137-->[com.google.firebase:firebase-ml-vision:24.1.0] AndroidManifest.xml:14:17-82
138            <meta-data
138-->[com.google.firebase:firebase-auth:20.0.1] AndroidManifest.xml:77:13-79:85
139                android:name="com.google.firebase.components:com.google.firebase.auth.FirebaseAuthRegistrar"
139-->[com.google.firebase:firebase-auth:20.0.1] AndroidManifest.xml:78:17-109
140                android:value="com.google.firebase.components.ComponentRegistrar" />
140-->[com.google.firebase:firebase-auth:20.0.1] AndroidManifest.xml:79:17-82
141            <meta-data
141-->[com.google.firebase:firebase-firestore:22.0.1] AndroidManifest.xml:20:13-22:85
142                android:name="com.google.firebase.components:com.google.firebase.firestore.FirestoreRegistrar"
142-->[com.google.firebase:firebase-firestore:22.0.1] AndroidManifest.xml:21:17-111
143                android:value="com.google.firebase.components.ComponentRegistrar" />
143-->[com.google.firebase:firebase-firestore:22.0.1] AndroidManifest.xml:22:17-82
144            <meta-data
144-->[com.google.firebase:firebase-storage:19.2.1] AndroidManifest.xml:33:13-35:85
145                android:name="com.google.firebase.components:com.google.firebase.storage.StorageRegistrar"
145-->[com.google.firebase:firebase-storage:19.2.1] AndroidManifest.xml:34:17-107
146                android:value="com.google.firebase.components.ComponentRegistrar" />
146-->[com.google.firebase:firebase-storage:19.2.1] AndroidManifest.xml:35:17-82
147            <meta-data
147-->[com.google.firebase:firebase-database:19.6.0] AndroidManifest.xml:32:13-34:85
148                android:name="com.google.firebase.components:com.google.firebase.database.DatabaseRegistrar"
148-->[com.google.firebase:firebase-database:19.6.0] AndroidManifest.xml:33:17-109
149                android:value="com.google.firebase.components.ComponentRegistrar" />
149-->[com.google.firebase:firebase-database:19.6.0] AndroidManifest.xml:34:17-82
150            <meta-data
150-->[com.google.android.gms:play-services-measurement-api:18.0.0] AndroidManifest.xml:30:13-32:85
151                android:name="com.google.firebase.components:com.google.firebase.analytics.connector.internal.AnalyticsConnectorRegistrar"
151-->[com.google.android.gms:play-services-measurement-api:18.0.0] AndroidManifest.xml:31:17-139
152                android:value="com.google.firebase.components.ComponentRegistrar" />
152-->[com.google.android.gms:play-services-measurement-api:18.0.0] AndroidManifest.xml:32:17-82
153            <meta-data
153-->[com.google.firebase:firebase-ml-common:22.1.2] AndroidManifest.xml:11:13-13:85
154                android:name="com.google.firebase.components:com.google.firebase.ml.common.CommonComponentRegistrar"
154-->[com.google.firebase:firebase-ml-common:22.1.2] AndroidManifest.xml:12:17-117
155                android:value="com.google.firebase.components.ComponentRegistrar" />
155-->[com.google.firebase:firebase-ml-common:22.1.2] AndroidManifest.xml:13:17-82
156            <meta-data
156-->[com.google.firebase:firebase-installations:16.3.5] AndroidManifest.xml:18:13-20:85
157                android:name="com.google.firebase.components:com.google.firebase.installations.FirebaseInstallationsRegistrar"
157-->[com.google.firebase:firebase-installations:16.3.5] AndroidManifest.xml:19:17-127
158                android:value="com.google.firebase.components.ComponentRegistrar" />
158-->[com.google.firebase:firebase-installations:16.3.5] AndroidManifest.xml:20:17-82
159            <!--
160                This registrar is not defined in the dynamic-module-support sdk itself to allow non-firebase
161                clients to use it as well, by defining this registrar in their own core/common library.
162            -->
163            <meta-data
163-->[com.google.firebase:firebase-common:19.5.0] AndroidManifest.xml:43:13-45:85
164                android:name="com.google.firebase.components:com.google.firebase.dynamicloading.DynamicLoadingRegistrar"
164-->[com.google.firebase:firebase-common:19.5.0] AndroidManifest.xml:44:17-121
165                android:value="com.google.firebase.components.ComponentRegistrar" />
165-->[com.google.firebase:firebase-common:19.5.0] AndroidManifest.xml:45:17-82
166        </service>
167
168        <activity
168-->[com.google.firebase:firebase-auth:20.0.1] AndroidManifest.xml:27:9-44:20
169            android:name="com.google.firebase.auth.internal.GenericIdpActivity"
169-->[com.google.firebase:firebase-auth:20.0.1] AndroidManifest.xml:28:13-80
170            android:excludeFromRecents="true"
170-->[com.google.firebase:firebase-auth:20.0.1] AndroidManifest.xml:29:13-46
171            android:exported="true"
171-->[com.google.firebase:firebase-auth:20.0.1] AndroidManifest.xml:30:13-36
172            android:launchMode="singleTask"
172-->[com.google.firebase:firebase-auth:20.0.1] AndroidManifest.xml:31:13-44
173            android:theme="@android:style/Theme.Translucent.NoTitleBar" >
173-->[com.google.firebase:firebase-auth:20.0.1] AndroidManifest.xml:32:13-72
174            <intent-filter>
174-->[com.google.firebase:firebase-auth:20.0.1] AndroidManifest.xml:33:13-43:29
175                <action android:name="android.intent.action.VIEW" />
175-->[com.google.firebase:firebase-auth:20.0.1] AndroidManifest.xml:34:17-69
175-->[com.google.firebase:firebase-auth:20.0.1] AndroidManifest.xml:34:25-66
176
177                <category android:name="android.intent.category.DEFAULT" />
177-->[com.google.firebase:firebase-auth:20.0.1] AndroidManifest.xml:36:17-76
177-->[com.google.firebase:firebase-auth:20.0.1] AndroidManifest.xml:36:27-73
178                <category android:name="android.intent.category.BROWSABLE" />
178-->[com.google.firebase:firebase-auth:20.0.1] AndroidManifest.xml:37:17-78
178-->[com.google.firebase:firebase-auth:20.0.1] AndroidManifest.xml:37:27-75
179
180                <data
180-->[com.google.firebase:firebase-auth:20.0.1] AndroidManifest.xml:39:17-42:51
181                    android:host="firebase.auth"
181-->[com.google.firebase:firebase-auth:20.0.1] AndroidManifest.xml:40:21-49
182                    android:path="/"
182-->[com.google.firebase:firebase-auth:20.0.1] AndroidManifest.xml:41:21-37
183                    android:scheme="genericidp" />
183-->[com.google.firebase:firebase-auth:20.0.1] AndroidManifest.xml:42:21-48
184            </intent-filter>
185        </activity>
186        <activity
186-->[com.google.firebase:firebase-auth:20.0.1] AndroidManifest.xml:45:9-62:20
187            android:name="com.google.firebase.auth.internal.RecaptchaActivity"
187-->[com.google.firebase:firebase-auth:20.0.1] AndroidManifest.xml:46:13-79
188            android:excludeFromRecents="true"
188-->[com.google.firebase:firebase-auth:20.0.1] AndroidManifest.xml:47:13-46
189            android:exported="true"
189-->[com.google.firebase:firebase-auth:20.0.1] AndroidManifest.xml:48:13-36
190            android:launchMode="singleTask"
190-->[com.google.firebase:firebase-auth:20.0.1] AndroidManifest.xml:49:13-44
191            android:theme="@android:style/Theme.Translucent.NoTitleBar" >
191-->[com.google.firebase:firebase-auth:20.0.1] AndroidManifest.xml:50:13-72
192            <intent-filter>
192-->[com.google.firebase:firebase-auth:20.0.1] AndroidManifest.xml:51:13-61:29
193                <action android:name="android.intent.action.VIEW" />
193-->[com.google.firebase:firebase-auth:20.0.1] AndroidManifest.xml:34:17-69
193-->[com.google.firebase:firebase-auth:20.0.1] AndroidManifest.xml:34:25-66
194
195                <category android:name="android.intent.category.DEFAULT" />
195-->[com.google.firebase:firebase-auth:20.0.1] AndroidManifest.xml:36:17-76
195-->[com.google.firebase:firebase-auth:20.0.1] AndroidManifest.xml:36:27-73
196                <category android:name="android.intent.category.BROWSABLE" />
196-->[com.google.firebase:firebase-auth:20.0.1] AndroidManifest.xml:37:17-78
196-->[com.google.firebase:firebase-auth:20.0.1] AndroidManifest.xml:37:27-75
197
198                <data
198-->[com.google.firebase:firebase-auth:20.0.1] AndroidManifest.xml:39:17-42:51
199                    android:host="firebase.auth"
199-->[com.google.firebase:firebase-auth:20.0.1] AndroidManifest.xml:40:21-49
200                    android:path="/"
200-->[com.google.firebase:firebase-auth:20.0.1] AndroidManifest.xml:41:21-37
201                    android:scheme="recaptcha" />
201-->[com.google.firebase:firebase-auth:20.0.1] AndroidManifest.xml:42:21-48
202            </intent-filter>
203        </activity>
204
205        <service
205-->[com.google.firebase:firebase-auth:20.0.1] AndroidManifest.xml:64:9-73:19
206            android:name="com.google.firebase.auth.api.fallback.service.FirebaseAuthFallbackService"
206-->[com.google.firebase:firebase-auth:20.0.1] AndroidManifest.xml:65:13-101
207            android:enabled="true"
207-->[com.google.firebase:firebase-auth:20.0.1] AndroidManifest.xml:66:13-35
208            android:exported="false" >
208-->[com.google.firebase:firebase-auth:20.0.1] AndroidManifest.xml:67:13-37
209            <intent-filter>
209-->[com.google.firebase:firebase-auth:20.0.1] AndroidManifest.xml:68:13-72:29
210                <action android:name="com.google.firebase.auth.api.gms.service.START" />
210-->[com.google.firebase:firebase-auth:20.0.1] AndroidManifest.xml:69:17-89
210-->[com.google.firebase:firebase-auth:20.0.1] AndroidManifest.xml:69:25-86
211
212                <category android:name="android.intent.category.DEFAULT" />
212-->[com.google.firebase:firebase-auth:20.0.1] AndroidManifest.xml:36:17-76
212-->[com.google.firebase:firebase-auth:20.0.1] AndroidManifest.xml:36:27-73
213            </intent-filter>
214        </service>
215
216        <provider
216-->[com.google.firebase:firebase-common:19.5.0] AndroidManifest.xml:26:9-31:39
217            android:name="com.google.firebase.provider.FirebaseInitProvider"
217-->[com.google.firebase:firebase-common:19.5.0] AndroidManifest.xml:27:13-77
218            android:authorities="com.example.tasweer.firebaseinitprovider"
218-->[com.google.firebase:firebase-common:19.5.0] AndroidManifest.xml:28:13-72
219            android:directBootAware="true"
219-->[com.google.firebase:firebase-common:19.5.0] AndroidManifest.xml:29:13-43
220            android:exported="false"
220-->[com.google.firebase:firebase-common:19.5.0] AndroidManifest.xml:30:13-37
221            android:initOrder="100" />
221-->[com.google.firebase:firebase-common:19.5.0] AndroidManifest.xml:31:13-36
222
223        <activity
223-->[com.google.android.gms:play-services-auth:16.0.1] AndroidManifest.xml:23:9-27:75
224            android:name="com.google.android.gms.auth.api.signin.internal.SignInHubActivity"
224-->[com.google.android.gms:play-services-auth:16.0.1] AndroidManifest.xml:24:13-93
225            android:excludeFromRecents="true"
225-->[com.google.android.gms:play-services-auth:16.0.1] AndroidManifest.xml:25:13-46
226            android:exported="false"
226-->[com.google.android.gms:play-services-auth:16.0.1] AndroidManifest.xml:26:13-37
227            android:theme="@android:style/Theme.Translucent.NoTitleBar" />
227-->[com.google.android.gms:play-services-auth:16.0.1] AndroidManifest.xml:27:13-72
228        <!--
229            Service handling Google Sign-In user revocation. For apps that do not integrate with
230            Google Sign-In, this service will never be started.
231        -->
232        <service
232-->[com.google.android.gms:play-services-auth:16.0.1] AndroidManifest.xml:33:9-36:110
233            android:name="com.google.android.gms.auth.api.signin.RevocationBoundService"
233-->[com.google.android.gms:play-services-auth:16.0.1] AndroidManifest.xml:34:13-89
234            android:exported="true"
234-->[com.google.android.gms:play-services-auth:16.0.1] AndroidManifest.xml:35:13-36
235            android:permission="com.google.android.gms.auth.api.signin.permission.REVOCATION_NOTIFICATION" /> <!-- Needs to be explicitly declared on P+ -->
235-->[com.google.android.gms:play-services-auth:16.0.1] AndroidManifest.xml:36:13-107
236        <uses-library
236-->[com.google.android.gms:play-services-maps:17.0.0] AndroidManifest.xml:33:9-35:40
237            android:name="org.apache.http.legacy"
237-->[com.google.android.gms:play-services-maps:17.0.0] AndroidManifest.xml:34:13-50
238            android:required="false" />
238-->[com.google.android.gms:play-services-maps:17.0.0] AndroidManifest.xml:35:13-37
239
240        <activity
240-->[com.google.android.gms:play-services-base:17.2.1] AndroidManifest.xml:23:9-26:75
241            android:name="com.google.android.gms.common.api.GoogleApiActivity"
241-->[com.google.android.gms:play-services-base:17.2.1] AndroidManifest.xml:24:13-79
242            android:exported="false"
242-->[com.google.android.gms:play-services-base:17.2.1] AndroidManifest.xml:25:13-37
243            android:theme="@android:style/Theme.Translucent.NoTitleBar" />
243-->[com.google.android.gms:play-services-base:17.2.1] AndroidManifest.xml:26:13-72
244
245        <receiver
245-->[com.google.android.gms:play-services-measurement:18.0.0] AndroidManifest.xml:29:9-33:20
246            android:name="com.google.android.gms.measurement.AppMeasurementReceiver"
246-->[com.google.android.gms:play-services-measurement:18.0.0] AndroidManifest.xml:30:13-85
247            android:enabled="true"
247-->[com.google.android.gms:play-services-measurement:18.0.0] AndroidManifest.xml:31:13-35
248            android:exported="false" >
248-->[com.google.android.gms:play-services-measurement:18.0.0] AndroidManifest.xml:32:13-37
249        </receiver>
250
251        <service
251-->[com.google.android.gms:play-services-measurement:18.0.0] AndroidManifest.xml:35:9-38:40
252            android:name="com.google.android.gms.measurement.AppMeasurementService"
252-->[com.google.android.gms:play-services-measurement:18.0.0] AndroidManifest.xml:36:13-84
253            android:enabled="true"
253-->[com.google.android.gms:play-services-measurement:18.0.0] AndroidManifest.xml:37:13-35
254            android:exported="false" />
254-->[com.google.android.gms:play-services-measurement:18.0.0] AndroidManifest.xml:38:13-37
255        <service
255-->[com.google.android.gms:play-services-measurement:18.0.0] AndroidManifest.xml:39:9-43:72
256            android:name="com.google.android.gms.measurement.AppMeasurementJobService"
256-->[com.google.android.gms:play-services-measurement:18.0.0] AndroidManifest.xml:40:13-87
257            android:enabled="true"
257-->[com.google.android.gms:play-services-measurement:18.0.0] AndroidManifest.xml:41:13-35
258            android:exported="false"
258-->[com.google.android.gms:play-services-measurement:18.0.0] AndroidManifest.xml:42:13-37
259            android:permission="android.permission.BIND_JOB_SERVICE" />
259-->[com.google.android.gms:play-services-measurement:18.0.0] AndroidManifest.xml:43:13-69
260
261        <meta-data
261-->[com.google.android.gms:play-services-basement:17.2.1] AndroidManifest.xml:23:9-25:69
262            android:name="com.google.android.gms.version"
262-->[com.google.android.gms:play-services-basement:17.2.1] AndroidManifest.xml:24:13-58
263            android:value="@integer/google_play_services_version" />
263-->[com.google.android.gms:play-services-basement:17.2.1] AndroidManifest.xml:25:13-66
264    </application>
265
266</manifest>